[19:04:29][Info]: Remember! Quit the server by using 'Control + C' so a backup is properly made before closing!
[19:04:30][LMP]: Luna Server version: 0.29.0 (C:\Servertest\LMPServer 1\LMPServer\)
[19:04:30][Debug]: Loading universe... 0,638KB
[19:04:30][Debug]: Loading groups...
[19:04:30][Debug]: Loading settings...
[19:04:30][Debug]: Loading mod control...
[19:04:30][Debug]: Loading plugins...
[19:04:30][LMP]: Starting 'ZZZwefly' on Address 0.0.0.0 Port 8800... 
[19:04:36][LMP]: All systems up and running. Поехали!
[19:04:36][LMP]: Registering with master servers
[19:04:36][Debug]: Performing a GarbageCollection
[19:06:01][LMP]: New client Connection from 26.81.224.97:64099
[19:06:01][Debug]: Online Players: 0, connected: 1
[19:06:01][LMP]: Client Micro (5a28149e05bbb606218cda91304c52d174729190) handshake successfully, Version: 0.29.0
[19:06:01][Debug]: Online Players: 1, connected: 1
[19:06:02][Debug]: Sending Micro 7 vessels
[19:06:02][Debug]: Sending Micro 40 kerbals...
[19:06:02][Debug]: Sending Micro 1 possible subspaces
[19:06:06][Debug]: Performing backups...
[19:06:11][Debug]: Saving kerbal Mito Kerman from Micro
[19:06:13][Debug]: Saving kerbal Mito Kerman from Micro
[19:06:13][Debug]: Micro acquired lock UnloadedUpdate - b16b3d42-6128-42ef-82b8-73943e807289 - Micro
[19:06:13][Debug]: Micro acquired lock UnloadedUpdate - 9dda96ca-51a3-45b6-9eb4-c90eaddc45d8 - Micro
[19:06:13][Debug]: Micro acquired lock UnloadedUpdate - 8a514f65-4bef-4e42-9031-89d629488b9c - Micro
[19:06:13][Debug]: Micro acquired lock UnloadedUpdate - 20569850-8c90-477e-a929-1738f6069cf1 - Micro
[19:06:13][Debug]: Micro acquired lock UnloadedUpdate - 1ed1ced2-2915-4772-a2c8-a014a9f3d8a3 - Micro
[19:06:13][Debug]: Micro acquired lock UnloadedUpdate - 2c27be14-6db5-45db-a7a3-b5c85df54546 - Micro
[19:06:13][Debug]: Micro acquired lock UnloadedUpdate - dd9841a9-bbb5-4c91-baf5-279fe0f0f67a - Micro
[19:06:13][Debug]: Micro acquired lock AsteroidComet - Micro
[19:06:13][Debug]: Micro synced with subspace '263' created by Server
[19:06:33][Debug]: Saving 10 scenario modules from Micro
[19:06:36][Debug]: Performing backups...
[19:07:06][Debug]: Performing backups...
[19:07:36][Debug]: Performing backups...
[19:08:06][Debug]: Performing backups...
[19:08:36][Debug]: Performing backups...
[19:09:06][Debug]: Performing backups...
[19:09:36][Debug]: Performing backups...
[19:10:06][Debug]: Performing backups...
[19:10:36][Debug]: Performing backups...
[19:11:06][Debug]: Performing backups...
[19:11:25][Debug]: Micro sent Connection end message, reason: Quit
[19:11:25][Debug]: Online Players: 0, connected: 0
[19:11:25][Debug]: Micro released lock UnloadedUpdate - b16b3d42-6128-42ef-82b8-73943e807289 - Micro
[19:11:25][Debug]: Micro released lock UnloadedUpdate - 2c27be14-6db5-45db-a7a3-b5c85df54546 - Micro
[19:11:25][Debug]: Micro released lock UnloadedUpdate - 8a514f65-4bef-4e42-9031-89d629488b9c - Micro
[19:11:25][Debug]: Micro released lock UnloadedUpdate - 1ed1ced2-2915-4772-a2c8-a014a9f3d8a3 - Micro
[19:11:25][Debug]: Micro released lock UnloadedUpdate - 20569850-8c90-477e-a929-1738f6069cf1 - Micro
[19:11:25][Debug]: Micro released lock UnloadedUpdate - 9dda96ca-51a3-45b6-9eb4-c90eaddc45d8 - Micro
[19:11:25][Debug]: Micro released lock UnloadedUpdate - dd9841a9-bbb5-4c91-baf5-279fe0f0f67a - Micro
[19:11:25][Debug]: Micro released lock AsteroidComet - Micro
[19:11:25][Debug]: Performing backups...
[19:11:31][LMP]: End of stdin, stopping command listener
[19:11:31][LMP]: Exiting... Please wait until all threads are finished
[19:11:31][Debug]: Performing backups...
[19:11:31][LMP]: So long and thanks for all the fish!
